\BOOKMARK [0][]{part.1}{I Insiemi}{}% 1
\BOOKMARK [1][]{section.1}{Introduzione agli insiemi}{part.1}% 2
\BOOKMARK [2][]{subsection.1.1}{Corrispondenza biunivoca}{section.1}% 3
\BOOKMARK [3][]{subsubsection.1.1.1}{Corrispondenza \040N-Z}{subsection.1.1}% 4
\BOOKMARK [3][]{subsubsection.1.1.2}{Corrispondenza \040N- NN}{subsection.1.1}% 5
\BOOKMARK [2][]{subsection.1.2}{Insieme \040R}{section.1}% 6
\BOOKMARK [3][]{subsubsection.1.2.1}{Relazioni}{subsection.1.2}% 7
\BOOKMARK [3][]{subsubsection.1.2.2}{Definizione assiomatica dei numeri reali}{subsection.1.2}% 8
\BOOKMARK [3][]{subsubsection.1.2.3}{Campi ordinati completi}{subsection.1.2}% 9
\BOOKMARK [3][]{subsubsection.1.2.4}{Rappresentazione}{subsection.1.2}% 10
\BOOKMARK [3][]{subsubsection.1.2.5}{Caratteristiche di \040R}{subsection.1.2}% 11
\BOOKMARK [2][]{subsection.1.3}{Spazio Euclideo \040Rn }{section.1}% 12
\BOOKMARK [3][]{subsubsection.1.3.1}{Operazioni su \040Rn }{subsection.1.3}% 13
\BOOKMARK [1][]{section.2}{Punti di accumulazione}{part.1}% 14
\BOOKMARK [1][]{section.3}{Topologia}{part.1}% 15
\BOOKMARK [0][]{part.2}{II Funzioni e Successioni}{}% 16
\BOOKMARK [1][]{section.4}{Corrispondenze}{part.2}% 17
\BOOKMARK [1][]{section.5}{Funzioni}{part.2}% 18
\BOOKMARK [2][]{subsection.5.1}{Definizioni}{section.5}% 19
\BOOKMARK [2][]{subsection.5.2}{Funzioni iniettive, suriettive e biiettive}{section.5}% 20
\BOOKMARK [2][]{subsection.5.3}{Funzione composta}{section.5}% 21
\BOOKMARK [2][]{subsection.5.4}{Funzione inversa}{section.5}% 22
\BOOKMARK [3][]{subsubsection.5.4.1}{Grafico della funzione inversa}{subsection.5.4}% 23
\BOOKMARK [2][]{subsection.5.5}{Funzioni limitate}{section.5}% 24
\BOOKMARK [2][]{subsection.5.6}{Massimi, minimi e monotonia}{section.5}% 25
\BOOKMARK [3][]{subsubsection.5.6.1}{Funzioni monotone}{subsection.5.6}% 26
\BOOKMARK [1][]{section.6}{Limiti}{part.2}% 27
\BOOKMARK [2][]{subsection.6.1}{Introduzione al concetto di limite}{section.6}% 28
\BOOKMARK [2][]{subsection.6.2}{Estensione di \040R}{section.6}% 29
\BOOKMARK [2][]{subsection.6.3}{Estensione di \040Rn }{section.6}% 30
\BOOKMARK [2][]{subsection.6.4}{Limite di una funzione}{section.6}% 31
\BOOKMARK [2][]{subsection.6.5}{Funzioni senza limite}{section.6}% 32
\BOOKMARK [2][]{subsection.6.6}{Propriet\340 dei limiti}{section.6}% 33
\BOOKMARK [2][]{subsection.6.7}{Algebra dei limiti}{section.6}% 34
\BOOKMARK [2][]{subsection.6.8}{Algebra estesa dei limiti}{section.6}% 35
\BOOKMARK [2][]{subsection.6.9}{Teoremi sui limiti}{section.6}% 36
\BOOKMARK [2][]{subsection.6.10}{Potenze ad esponente reale}{section.6}% 37
\BOOKMARK [2][]{subsection.6.11}{Limiti notevoli e forme indeterminate}{section.6}% 38
\BOOKMARK [2][]{subsection.6.12}{Infiniti ed infinitesimi}{section.6}% 39
\BOOKMARK [3][]{subsubsection.6.12.1}{Confronto di infinitesimi}{subsection.6.12}% 40
\BOOKMARK [3][]{subsubsection.6.12.2}{Confronto di infiniti}{subsection.6.12}% 41
\BOOKMARK [3][]{subsubsection.6.12.3}{Propriet\340 per infiniti e infinitesimi}{subsection.6.12}% 42
\BOOKMARK [2][]{subsection.6.13}{Altri limiti notevoli}{section.6}% 43
\BOOKMARK [1][]{section.7}{Successioni}{part.2}% 44
\BOOKMARK [2][]{subsection.7.1}{Limiti delle successioni}{section.7}% 45
\BOOKMARK [3][]{subsubsection.7.1.1}{Confronti tra infiniti}{subsection.7.1}% 46
\BOOKMARK [2][]{subsection.7.2}{Costante di Nepero}{section.7}% 47
\BOOKMARK [2][]{subsection.7.3}{Un limite notevole}{section.7}% 48
\BOOKMARK [2][]{subsection.7.4}{Sottosuccessioni}{section.7}% 49
\BOOKMARK [2][]{subsection.7.5}{Successioni a valori in \040Rn }{section.7}% 50
\BOOKMARK [3][]{subsubsection.7.5.1}{Successioni e chiusura di \040E Rn }{subsection.7.5}% 51
\BOOKMARK [2][]{subsection.7.6}{Successioni di Cauchy}{section.7}% 52
\BOOKMARK [1][]{section.8}{Continuit\340}{part.2}% 53
\BOOKMARK [2][]{subsection.8.1}{Discontinuit\340}{section.8}% 54
\BOOKMARK [2][]{subsection.8.2}{Prolungamento per continuit\340 di una funzione}{section.8}% 55
\BOOKMARK [2][]{subsection.8.3}{Teoremi per le funzioni continue}{section.8}% 56
\BOOKMARK [1][]{section.9}{Successioni e topologia in \040Rn }{part.2}% 57
\BOOKMARK [2][]{subsection.9.1}{Continuit\340 e compattezza in \040Rn }{section.9}% 58
\BOOKMARK [2][]{subsection.9.2}{Legame tra uniforme continuit\340 e compattezza}{section.9}% 59
\BOOKMARK [1][]{section.10}{Derivata}{part.2}% 60
\BOOKMARK [2][]{subsection.10.1}{Derivate di funzioni elementari}{section.10}% 61
\BOOKMARK [2][]{subsection.10.2}{Prima formula dell'incremento finito}{section.10}% 62
\BOOKMARK [2][]{subsection.10.3}{Studio dei punti di dubbia derivabilit\340}{section.10}% 63
\BOOKMARK [1][]{section.11}{Funzione convessa}{part.2}% 64
